stdio    D         file_stdio.c:110  file_stdio_fopen                 [   0.00000] opening C:\Users\Damian234\source\repos\Damian Kościelny CP3 Project\Debug\allegro5.cfg r
system   D            wsystem.c:819  maybe_parent_dir                 [   0.00000] Also searching C:\Users\Damian234\source\repos\Damian Kościelny CP3 Project\
system   D            wsystem.c:874  _al_win_safe_load_library        [   0.00000] PathFindOnPath found: C:\Windows\system32\shcore.dll
system   D            wsystem.c:780  load_library_at_path             [   0.00000] Calling LoadLibrary C:\Windows\system32\shcore.dll
system   I            wsystem.c:783  load_library_at_path             [   0.00000] Loaded C:\Windows\system32\shcore.dll
system   I             system.c:271  al_install_system                [   0.00000] Allegro version: 5.2.7
stdio    D         file_stdio.c:110  file_stdio_fopen                 [   0.00028] opening arial.ttf rb
font     E                ttf.c:995  al_load_ttf_font_stretch         [   0.00036] Unable to open file for reading: arial.ttf
system   D            wsystem.c:819  maybe_parent_dir                 [   0.00200] Also searching C:\Users\Damian234\source\repos\Damian Kościelny CP3 Project\
system   D            wsystem.c:874  _al_win_safe_load_library        [   0.00218] PathFindOnPath found: C:\Windows\system32\d3d9.dll
system   D            wsystem.c:780  load_library_at_path             [   0.00222] Calling LoadLibrary C:\Windows\system32\d3d9.dll
system   I            wsystem.c:783  load_library_at_path             [   0.00394] Loaded C:\Windows\system32\d3d9.dll
d3d      I         d3d_disp.cpp:684  d3d_init_display                 [   0.03502] Render-to-texture: 1
d3d      I         d3d_disp.cpp:1782 d3d_create_display_locked        [   0.03655] faux_fullscreen=1
d3d      D         d3d_disp.cpp:1783 d3d_create_display_locked        [   0.03659] al_display=037CD110
d3d      D         d3d_disp.cpp:1784 d3d_create_display_locked        [   0.03662] al_display->vt=037AF070
d3d      I d3d_display_formats.cpp:144  _al_d3d_generate_display_format_list [   0.03966] found 160 format combinations
display  D   display_settings.c:212  debug_display_settings           [   0.03970] color: 32 (rgba 8880), depth: 0, stencil: 0, acc: 0000, samples: 0/0
display  D   display_settings.c:527  _al_score_display_settings       [   0.03974] Score is : 897
display  D   display_settings.c:212  debug_display_settings           [   0.03976] color: 32 (rgba 8880), depth: 0, stencil: 0, acc: 0000, samples: 0/0
display  D   display_settings.c:527  _al_score_display_settings       [   0.03979] Score is : 897
display  D   display_settings.c:212  debug_display_settings           [   0.03981] color: 32 (rgba 8880), depth: 0, stencil: 0, acc: 0000, samples: 2/1
display  D   display_settings.c:527  _al_score_display_settings       [   0.03984] Score is : 726
display  D   display_settings.c:212  debug_display_settings           [   0.03987] color: 32 (rgba 8880), depth: 0, stencil: 0, acc: 0000, samples: 3/1
display  D   display_settings.c:527  _al_score_display_settings       [   0.03989] Score is : 721
display  D   display_settings.c:212  debug_display_settings           [   0.03992] color: 32 (rgba 8880), depth: 0, stencil: 0, acc: 0000, samples: 4/1
display  D   display_settings.c:527  _al_score_display_settings       [   0.03994] Score is : 717
display  D   display_settings.c:212  debug_display_settings           [   0.03997] color: 32 (rgba 8880), depth: 24, stencil: 8, acc: 0000, samples: 0/0
display  D   display_settings.c:527  _al_score_display_settings       [   0.03999] Score is : 897
display  D   display_settings.c:212  debug_display_settings           [   0.04002] color: 32 (rgba 8880), depth: 24, stencil: 8, acc: 0000, samples: 0/0
display  D   display_settings.c:527  _al_score_display_settings       [   0.04005] Score is : 897
display  D   display_settings.c:212  debug_display_settings           [   0.04007] color: 32 (rgba 8880), depth: 24, stencil: 8, acc: 0000, samples: 2/1
display  D   display_settings.c:527  _al_score_display_settings       [   0.04010] Score is : 726
display  D   display_settings.c:212  debug_display_settings           [   0.04017] color: 32 (rgba 8880), depth: 24, stencil: 8, acc: 0000, samples: 3/1
display  D   display_settings.c:527  _al_score_display_settings       [   0.04020] Score is : 721
display  D   display_settings.c:212  debug_display_settings           [   0.04022] color: 32 (rgba 8880), depth: 24, stencil: 8, acc: 0000, samples: 4/1
display  D   display_settings.c:527  _al_score_display_settings       [   0.04026] Score is : 717
display  D   display_settings.c:212  debug_display_settings           [   0.04028] color: 32 (rgba 8880), depth: 24, stencil: 0, acc: 0000, samples: 0/0
display  D   display_settings.c:527  _al_score_display_settings       [   0.04031] Score is : 897
display  D   display_settings.c:212  debug_display_settings           [   0.04033] color: 32 (rgba 8880), depth: 24, stencil: 0, acc: 0000, samples: 0/0
display  D   display_settings.c:527  _al_score_display_settings       [   0.04036] Score is : 897
display  D   display_settings.c:212  debug_display_settings           [   0.04038] color: 32 (rgba 8880), depth: 24, stencil: 0, acc: 0000, samples: 2/1
display  D   display_settings.c:527  _al_score_display_settings       [   0.04041] Score is : 726
display  D   display_settings.c:212  debug_display_settings           [   0.04044] color: 32 (rgba 8880), depth: 24, stencil: 0, acc: 0000, samples: 3/1
display  D   display_settings.c:527  _al_score_display_settings       [   0.04046] Score is : 721
display  D   display_settings.c:212  debug_display_settings           [   0.04049] color: 32 (rgba 8880), depth: 24, stencil: 0, acc: 0000, samples: 4/1
display  D   display_settings.c:527  _al_score_display_settings       [   0.04051] Score is : 717
display  D   display_settings.c:212  debug_display_settings           [   0.04054] color: 32 (rgba 8880), depth: 16, stencil: 0, acc: 0000, samples: 0/0
display  D   display_settings.c:527  _al_score_display_settings       [   0.04056] Score is : 897
display  D   display_settings.c:212  debug_display_settings           [   0.04059] color: 32 (rgba 8880), depth: 16, stencil: 0, acc: 0000, samples: 0/0
display  D   display_settings.c:527  _al_score_display_settings       [   0.04061] Score is : 897
display  D   display_settings.c:212  debug_display_settings           [   0.04064] color: 32 (rgba 8880), depth: 16, stencil: 0, acc: 0000, samples: 2/1
display  D   display_settings.c:527  _al_score_display_settings       [   0.04066] Score is : 726
display  D   display_settings.c:212  debug_display_settings           [   0.04069] color: 32 (rgba 8880), depth: 16, stencil: 0, acc: 0000, samples: 3/1
display  D   display_settings.c:527  _al_score_display_settings       [   0.04071] Score is : 721
display  D   display_settings.c:212  debug_display_settings           [   0.04074] color: 32 (rgba 8880), depth: 16, stencil: 0, acc: 0000, samples: 4/1
display  D   display_settings.c:527  _al_score_display_settings       [   0.04076] Score is : 717
display  D   display_settings.c:212  debug_display_settings           [   0.04079] color: 16 (rgba 5650), depth: 0, stencil: 0, acc: 0000, samples: 0/0
display  D   display_settings.c:527  _al_score_display_settings       [   0.04081] Score is : 897
display  D   display_settings.c:212  debug_display_settings           [   0.04084] color: 16 (rgba 5650), depth: 0, stencil: 0, acc: 0000, samples: 0/0
display  D   display_settings.c:527  _al_score_display_settings       [   0.04086] Score is : 897
display  D   display_settings.c:212  debug_display_settings           [   0.04089] color: 16 (rgba 5650), depth: 0, stencil: 0, acc: 0000, samples: 2/1
display  D   display_settings.c:527  _al_score_display_settings       [   0.04092] Score is : 726
display  D   display_settings.c:212  debug_display_settings           [   0.04094] color: 16 (rgba 5650), depth: 0, stencil: 0, acc: 0000, samples: 3/1
display  D   display_settings.c:527  _al_score_display_settings       [   0.04097] Score is : 721
display  D   display_settings.c:212  debug_display_settings           [   0.04102] color: 16 (rgba 5650), depth: 0, stencil: 0, acc: 0000, samples: 4/1
display  D   display_settings.c:527  _al_score_display_settings       [   0.04105] Score is : 717
display  D   display_settings.c:212  debug_display_settings           [   0.04108] color: 16 (rgba 5650), depth: 24, stencil: 8, acc: 0000, samples: 0/0
display  D   display_settings.c:527  _al_score_display_settings       [   0.04110] Score is : 897
display  D   display_settings.c:212  debug_display_settings           [   0.04113] color: 16 (rgba 5650), depth: 24, stencil: 8, acc: 0000, samples: 0/0
display  D   display_settings.c:527  _al_score_display_settings       [   0.04116] Score is : 897
display  D   display_settings.c:212  debug_display_settings           [   0.04118] color: 16 (rgba 5650), depth: 24, stencil: 8, acc: 0000, samples: 2/1
display  D   display_settings.c:527  _al_score_display_settings       [   0.04121] Score is : 726
display  D   display_settings.c:212  debug_display_settings           [   0.04123] color: 16 (rgba 5650), depth: 24, stencil: 8, acc: 0000, samples: 3/1
display  D   display_settings.c:527  _al_score_display_settings       [   0.04126] Score is : 721
display  D   display_settings.c:212  debug_display_settings           [   0.04129] color: 16 (rgba 5650), depth: 24, stencil: 8, acc: 0000, samples: 4/1
display  D   display_settings.c:527  _al_score_display_settings       [   0.04131] Score is : 717
display  D   display_settings.c:212  debug_display_settings           [   0.04134] color: 16 (rgba 5650), depth: 24, stencil: 0, acc: 0000, samples: 0/0
display  D   display_settings.c:527  _al_score_display_settings       [   0.04136] Score is : 897
display  D   display_settings.c:212  debug_display_settings           [   0.04138] color: 16 (rgba 5650), depth: 24, stencil: 0, acc: 0000, samples: 0/0
display  D   display_settings.c:527  _al_score_display_settings       [   0.04142] Score is : 897
display  D   display_settings.c:212  debug_display_settings           [   0.04144] color: 16 (rgba 5650), depth: 24, stencil: 0, acc: 0000, samples: 2/1
display  D   display_settings.c:527  _al_score_display_settings       [   0.04147] Score is : 726
display  D   display_settings.c:212  debug_display_settings           [   0.04149] color: 16 (rgba 5650), depth: 24, stencil: 0, acc: 0000, samples: 3/1
display  D   display_settings.c:527  _al_score_display_settings       [   0.04151] Score is : 721
display  D   display_settings.c:212  debug_display_settings           [   0.04154] color: 16 (rgba 5650), depth: 24, stencil: 0, acc: 0000, samples: 4/1
display  D   display_settings.c:527  _al_score_display_settings       [   0.04156] Score is : 717
display  D   display_settings.c:212  debug_display_settings           [   0.04159] color: 16 (rgba 5650), depth: 16, stencil: 0, acc: 0000, samples: 0/0
display  D   display_settings.c:527  _al_score_display_settings       [   0.04161] Score is : 897
display  D   display_settings.c:212  debug_display_settings           [   0.04163] color: 16 (rgba 5650), depth: 16, stencil: 0, acc: 0000, samples: 0/0
display  D   display_settings.c:527  _al_score_display_settings       [   0.04166] Score is : 897
display  D   display_settings.c:212  debug_display_settings           [   0.04168] color: 16 (rgba 5650), depth: 16, stencil: 0, acc: 0000, samples: 2/1
display  D   display_settings.c:527  _al_score_display_settings       [   0.04171] Score is : 726
display  D   display_settings.c:212  debug_display_settings           [   0.04173] color: 16 (rgba 5650), depth: 16, stencil: 0, acc: 0000, samples: 3/1
display  D   display_settings.c:527  _al_score_display_settings       [   0.04176] Score is : 721
display  D   display_settings.c:212  debug_display_settings           [   0.04178] color: 16 (rgba 5650), depth: 16, stencil: 0, acc: 0000, samples: 4/1
display  D   display_settings.c:527  _al_score_display_settings       [   0.04181] Score is : 717
display  D   display_settings.c:212  debug_display_settings           [   0.04183] color: 32 (rgba 8880), depth: 0, stencil: 0, acc: 0000, samples: 0/0
display  D   display_settings.c:398  _al_score_display_settings       [   0.04186] Single Buffer requirement not met.
display  D   display_settings.c:212  debug_display_settings           [   0.04188] color: 32 (rgba 8880), depth: 0, stencil: 0, acc: 0000, samples: 0/0
display  D   display_settings.c:398  _al_score_display_settings       [   0.04191] Single Buffer requirement not met.
display  D   display_settings.c:212  debug_display_settings           [   0.04193] color: 32 (rgba 8880), depth: 0, stencil: 0, acc: 0000, samples: 2/1
display  D   display_settings.c:398  _al_score_display_settings       [   0.04196] Single Buffer requirement not met.
display  D   display_settings.c:212  debug_display_settings           [   0.04198] color: 32 (rgba 8880), depth: 0, stencil: 0, acc: 0000, samples: 3/1
display  D   display_settings.c:398  _al_score_display_settings       [   0.04201] Single Buffer requirement not met.
display  D   display_settings.c:212  debug_display_settings           [   0.04203] color: 32 (rgba 8880), depth: 0, stencil: 0, acc: 0000, samples: 4/1
display  D   display_settings.c:398  _al_score_display_settings       [   0.04206] Single Buffer requirement not met.
display  D   display_settings.c:212  debug_display_settings           [   0.04208] color: 32 (rgba 8880), depth: 24, stencil: 8, acc: 0000, samples: 0/0
display  D   display_settings.c:398  _al_score_display_settings       [   0.04211] Single Buffer requirement not met.
display  D   display_settings.c:212  debug_display_settings           [   0.04213] color: 32 (rgba 8880), depth: 24, stencil: 8, acc: 0000, samples: 0/0
display  D   display_settings.c:398  _al_score_display_settings       [   0.04216] Single Buffer requirement not met.
display  D   display_settings.c:212  debug_display_settings           [   0.04218] color: 32 (rgba 8880), depth: 24, stencil: 8, acc: 0000, samples: 2/1
display  D   display_settings.c:398  _al_score_display_settings       [   0.04221] Single Buffer requirement not met.
display  D   display_settings.c:212  debug_display_settings           [   0.04224] color: 32 (rgba 8880), depth: 24, stencil: 8, acc: 0000, samples: 3/1
display  D   display_settings.c:398  _al_score_display_settings       [   0.04226] Single Buffer requirement not met.
display  D   display_settings.c:212  debug_display_settings           [   0.04229] color: 32 (rgba 8880), depth: 24, stencil: 8, acc: 0000, samples: 4/1
display  D   display_settings.c:398  _al_score_display_settings       [   0.04231] Single Buffer requirement not met.
display  D   display_settings.c:212  debug_display_settings           [   0.04234] color: 32 (rgba 8880), depth: 24, stencil: 0, acc: 0000, samples: 0/0
display  D   display_settings.c:398  _al_score_display_settings       [   0.04236] Single Buffer requirement not met.
display  D   display_settings.c:212  debug_display_settings           [   0.04239] color: 32 (rgba 8880), depth: 24, stencil: 0, acc: 0000, samples: 0/0
display  D   display_settings.c:398  _al_score_display_settings       [   0.04242] Single Buffer requirement not met.
display  D   display_settings.c:212  debug_display_settings           [   0.04244] color: 32 (rgba 8880), depth: 24, stencil: 0, acc: 0000, samples: 2/1
display  D   display_settings.c:398  _al_score_display_settings       [   0.04247] Single Buffer requirement not met.
display  D   display_settings.c:212  debug_display_settings           [   0.04249] color: 32 (rgba 8880), depth: 24, stencil: 0, acc: 0000, samples: 3/1
display  D   display_settings.c:398  _al_score_display_settings       [   0.04252] Single Buffer requirement not met.
display  D   display_settings.c:212  debug_display_settings           [   0.04254] color: 32 (rgba 8880), depth: 24, stencil: 0, acc: 0000, samples: 4/1
display  D   display_settings.c:398  _al_score_display_settings       [   0.04257] Single Buffer requirement not met.
display  D   display_settings.c:212  debug_display_settings           [   0.04259] color: 32 (rgba 8880), depth: 16, stencil: 0, acc: 0000, samples: 0/0
display  D   display_settings.c:398  _al_score_display_settings       [   0.04265] Single Buffer requirement not met.
display  D   display_settings.c:212  debug_display_settings           [   0.04267] color: 32 (rgba 8880), depth: 16, stencil: 0, acc: 0000, samples: 0/0
display  D   display_settings.c:398  _al_score_display_settings       [   0.04270] Single Buffer requirement not met.
display  D   display_settings.c:212  debug_display_settings           [   0.04273] color: 32 (rgba 8880), depth: 16, stencil: 0, acc: 0000, samples: 2/1
display  D   display_settings.c:398  _al_score_display_settings       [   0.04275] Single Buffer requirement not met.
display  D   display_settings.c:212  debug_display_settings           [   0.04278] color: 32 (rgba 8880), depth: 16, stencil: 0, acc: 0000, samples: 3/1
display  D   display_settings.c:398  _al_score_display_settings       [   0.04281] Single Buffer requirement not met.
display  D   display_settings.c:212  debug_display_settings           [   0.04283] color: 32 (rgba 8880), depth: 16, stencil: 0, acc: 0000, samples: 4/1
display  D   display_settings.c:398  _al_score_display_settings       [   0.04286] Single Buffer requirement not met.
display  D   display_settings.c:212  debug_display_settings           [   0.04288] color: 16 (rgba 5650), depth: 0, stencil: 0, acc: 0000, samples: 0/0
display  D   display_settings.c:398  _al_score_display_settings       [   0.04291] Single Buffer requirement not met.
display  D   display_settings.c:212  debug_display_settings           [   0.04293] color: 16 (rgba 5650), depth: 0, stencil: 0, acc: 0000, samples: 0/0
display  D   display_settings.c:398  _al_score_display_settings       [   0.04296] Single Buffer requirement not met.
display  D   display_settings.c:212  debug_display_settings           [   0.04298] color: 16 (rgba 5650), depth: 0, stencil: 0, acc: 0000, samples: 2/1
display  D   display_settings.c:398  _al_score_display_settings       [   0.04301] Single Buffer requirement not met.
display  D   display_settings.c:212  debug_display_settings           [   0.04304] color: 16 (rgba 5650), depth: 0, stencil: 0, acc: 0000, samples: 3/1
display  D   display_settings.c:398  _al_score_display_settings       [   0.04306] Single Buffer requirement not met.
display  D   display_settings.c:212  debug_display_settings           [   0.04309] color: 16 (rgba 5650), depth: 0, stencil: 0, acc: 0000, samples: 4/1
display  D   display_settings.c:398  _al_score_display_settings       [   0.04311] Single Buffer requirement not met.
display  D   display_settings.c:212  debug_display_settings           [   0.04314] color: 16 (rgba 5650), depth: 24, stencil: 8, acc: 0000, samples: 0/0
display  D   display_settings.c:398  _al_score_display_settings       [   0.04317] Single Buffer requirement not met.
display  D   display_settings.c:212  debug_display_settings           [   0.04319] color: 16 (rgba 5650), depth: 24, stencil: 8, acc: 0000, samples: 0/0
display  D   display_settings.c:398  _al_score_display_settings       [   0.04322] Single Buffer requirement not met.
display  D   display_settings.c:212  debug_display_settings           [   0.04325] color: 16 (rgba 5650), depth: 24, stencil: 8, acc: 0000, samples: 2/1
display  D   display_settings.c:398  _al_score_display_settings       [   0.04328] Single Buffer requirement not met.
display  D   display_settings.c:212  debug_display_settings           [   0.04330] color: 16 (rgba 5650), depth: 24, stencil: 8, acc: 0000, samples: 3/1
display  D   display_settings.c:398  _al_score_display_settings       [   0.04333] Single Buffer requirement not met.
display  D   display_settings.c:212  debug_display_settings           [   0.04335] color: 16 (rgba 5650), depth: 24, stencil: 8, acc: 0000, samples: 4/1
display  D   display_settings.c:398  _al_score_display_settings       [   0.04338] Single Buffer requirement not met.
display  D   display_settings.c:212  debug_display_settings           [   0.04342] color: 16 (rgba 5650), depth: 24, stencil: 0, acc: 0000, samples: 0/0
display  D   display_settings.c:398  _al_score_display_settings       [   0.04350] Single Buffer requirement not met.
display  D   display_settings.c:212  debug_display_settings           [   0.04353] color: 16 (rgba 5650), depth: 24, stencil: 0, acc: 0000, samples: 0/0
display  D   display_settings.c:398  _al_score_display_settings       [   0.04356] Single Buffer requirement not met.
display  D   display_settings.c:212  debug_display_settings           [   0.04359] color: 16 (rgba 5650), depth: 24, stencil: 0, acc: 0000, samples: 2/1
display  D   display_settings.c:398  _al_score_display_settings       [   0.04361] Single Buffer requirement not met.
display  D   display_settings.c:212  debug_display_settings           [   0.04364] color: 16 (rgba 5650), depth: 24, stencil: 0, acc: 0000, samples: 3/1
display  D   display_settings.c:398  _al_score_display_settings       [   0.04366] Single Buffer requirement not met.
display  D   display_settings.c:212  debug_display_settings           [   0.04369] color: 16 (rgba 5650), depth: 24, stencil: 0, acc: 0000, samples: 4/1
display  D   display_settings.c:398  _al_score_display_settings       [   0.04371] Single Buffer requirement not met.
display  D   display_settings.c:212  debug_display_settings           [   0.04374] color: 16 (rgba 5650), depth: 16, stencil: 0, acc: 0000, samples: 0/0
display  D   display_settings.c:398  _al_score_display_settings       [   0.04377] Single Buffer requirement not met.
display  D   display_settings.c:212  debug_display_settings           [   0.04379] color: 16 (rgba 5650), depth: 16, stencil: 0, acc: 0000, samples: 0/0
display  D   display_settings.c:398  _al_score_display_settings       [   0.04382] Single Buffer requirement not met.
display  D   display_settings.c:212  debug_display_settings           [   0.04384] color: 16 (rgba 5650), depth: 16, stencil: 0, acc: 0000, samples: 2/1
display  D   display_settings.c:398  _al_score_display_settings       [   0.04387] Single Buffer requirement not met.
display  D   display_settings.c:212  debug_display_settings           [   0.04389] color: 16 (rgba 5650), depth: 16, stencil: 0, acc: 0000, samples: 3/1
display  D   display_settings.c:398  _al_score_display_settings       [   0.04392] Single Buffer requirement not met.
display  D   display_settings.c:212  debug_display_settings           [   0.04394] color: 16 (rgba 5650), depth: 16, stencil: 0, acc: 0000, samples: 4/1
display  D   display_settings.c:398  _al_score_display_settings       [   0.04397] Single Buffer requirement not met.
display  D   display_settings.c:212  debug_display_settings           [   0.04399] color: 32 (rgba 8880), depth: 0, stencil: 0, acc: 0000, samples: 0/0
display  D   display_settings.c:527  _al_score_display_settings       [   0.04402] Score is : 769
display  D   display_settings.c:212  debug_display_settings           [   0.04404] color: 32 (rgba 8880), depth: 0, stencil: 0, acc: 0000, samples: 0/0
display  D   display_settings.c:527  _al_score_display_settings       [   0.04407] Score is : 769
display  D   display_settings.c:212  debug_display_settings           [   0.04409] color: 32 (rgba 8880), depth: 0, stencil: 0, acc: 0000, samples: 2/1
display  D   display_settings.c:527  _al_score_display_settings       [   0.04412] Score is : 598
display  D   display_settings.c:212  debug_display_settings           [   0.04414] color: 32 (rgba 8880), depth: 0, stencil: 0, acc: 0000, samples: 3/1
display  D   display_settings.c:527  _al_score_display_settings       [   0.04417] Score is : 593
display  D   display_settings.c:212  debug_display_settings           [   0.04419] color: 32 (rgba 8880), depth: 0, stencil: 0, acc: 0000, samples: 4/1
display  D   display_settings.c:527  _al_score_display_settings       [   0.04422] Score is : 589
display  D   display_settings.c:212  debug_display_settings           [   0.04424] color: 32 (rgba 8880), depth: 24, stencil: 8, acc: 0000, samples: 0/0
display  D   display_settings.c:527  _al_score_display_settings       [   0.04427] Score is : 769
display  D   display_settings.c:212  debug_display_settings           [   0.04430] color: 32 (rgba 8880), depth: 24, stencil: 8, acc: 0000, samples: 0/0
display  D   display_settings.c:527  _al_score_display_settings       [   0.04432] Score is : 769
display  D   display_settings.c:212  debug_display_settings           [   0.04435] color: 32 (rgba 8880), depth: 24, stencil: 8, acc: 0000, samples: 2/1
display  D   display_settings.c:527  _al_score_display_settings       [   0.04437] Score is : 598
display  D   display_settings.c:212  debug_display_settings           [   0.04440] color: 32 (rgba 8880), depth: 24, stencil: 8, acc: 0000, samples: 3/1
display  D   display_settings.c:527  _al_score_display_settings       [   0.04442] Score is : 593
display  D   display_settings.c:212  debug_display_settings           [   0.04445] color: 32 (rgba 8880), depth: 24, stencil: 8, acc: 0000, samples: 4/1
display  D   display_settings.c:527  _al_score_display_settings       [   0.04447] Score is : 589
display  D   display_settings.c:212  debug_display_settings           [   0.04450] color: 32 (rgba 8880), depth: 24, stencil: 0, acc: 0000, samples: 0/0
display  D   display_settings.c:527  _al_score_display_settings       [   0.04452] Score is : 769
display  D   display_settings.c:212  debug_display_settings           [   0.04455] color: 32 (rgba 8880), depth: 24, stencil: 0, acc: 0000, samples: 0/0
display  D   display_settings.c:527  _al_score_display_settings       [   0.04457] Score is : 769
display  D   display_settings.c:212  debug_display_settings           [   0.04459] color: 32 (rgba 8880), depth: 24, stencil: 0, acc: 0000, samples: 2/1
display  D   display_settings.c:527  _al_score_display_settings       [   0.04462] Score is : 598
display  D   display_settings.c:212  debug_display_settings           [   0.04464] color: 32 (rgba 8880), depth: 24, stencil: 0, acc: 0000, samples: 3/1
display  D   display_settings.c:527  _al_score_display_settings       [   0.04467] Score is : 593
display  D   display_settings.c:212  debug_display_settings           [   0.04469] color: 32 (rgba 8880), depth: 24, stencil: 0, acc: 0000, samples: 4/1
display  D   display_settings.c:527  _al_score_display_settings       [   0.04472] Score is : 589
display  D   display_settings.c:212  debug_display_settings           [   0.04474] color: 32 (rgba 8880), depth: 16, stencil: 0, acc: 0000, samples: 0/0
display  D   display_settings.c:527  _al_score_display_settings       [   0.04477] Score is : 769
display  D   display_settings.c:212  debug_display_settings           [   0.04479] color: 32 (rgba 8880), depth: 16, stencil: 0, acc: 0000, samples: 0/0
display  D   display_settings.c:527  _al_score_display_settings       [   0.04482] Score is : 769
display  D   display_settings.c:212  debug_display_settings           [   0.04484] color: 32 (rgba 8880), depth: 16, stencil: 0, acc: 0000, samples: 2/1
display  D   display_settings.c:527  _al_score_display_settings       [   0.04487] Score is : 598
display  D   display_settings.c:212  debug_display_settings           [   0.04489] color: 32 (rgba 8880), depth: 16, stencil: 0, acc: 0000, samples: 3/1
display  D   display_settings.c:527  _al_score_display_settings       [   0.04492] Score is : 593
display  D   display_settings.c:212  debug_display_settings           [   0.04494] color: 32 (rgba 8880), depth: 16, stencil: 0, acc: 0000, samples: 4/1
display  D   display_settings.c:527  _al_score_display_settings       [   0.04496] Score is : 589
display  D   display_settings.c:212  debug_display_settings           [   0.04499] color: 16 (rgba 5650), depth: 0, stencil: 0, acc: 0000, samples: 0/0
display  D   display_settings.c:527  _al_score_display_settings       [   0.04501] Score is : 769
display  D   display_settings.c:212  debug_display_settings           [   0.04504] color: 16 (rgba 5650), depth: 0, stencil: 0, acc: 0000, samples: 0/0
display  D   display_settings.c:527  _al_score_display_settings       [   0.04506] Score is : 769
display  D   display_settings.c:212  debug_display_settings           [   0.04509] color: 16 (rgba 5650), depth: 0, stencil: 0, acc: 0000, samples: 2/1
display  D   display_settings.c:527  _al_score_display_settings       [   0.04512] Score is : 598
display  D   display_settings.c:212  debug_display_settings           [   0.04514] color: 16 (rgba 5650), depth: 0, stencil: 0, acc: 0000, samples: 3/1
display  D   display_settings.c:527  _al_score_display_settings       [   0.04517] Score is : 593
display  D   display_settings.c:212  debug_display_settings           [   0.04519] color: 16 (rgba 5650), depth: 0, stencil: 0, acc: 0000, samples: 4/1
display  D   display_settings.c:527  _al_score_display_settings       [   0.04521] Score is : 589
display  D   display_settings.c:212  debug_display_settings           [   0.04524] color: 16 (rgba 5650), depth: 24, stencil: 8, acc: 0000, samples: 0/0
display  D   display_settings.c:527  _al_score_display_settings       [   0.04527] Score is : 769
display  D   display_settings.c:212  debug_display_settings           [   0.04529] color: 16 (rgba 5650), depth: 24, stencil: 8, acc: 0000, samples: 0/0
display  D   display_settings.c:527  _al_score_display_settings       [   0.04532] Score is : 769
display  D   display_settings.c:212  debug_display_settings           [   0.04534] color: 16 (rgba 5650), depth: 24, stencil: 8, acc: 0000, samples: 2/1
display  D   display_settings.c:527  _al_score_display_settings       [   0.04537] Score is : 598
display  D   display_settings.c:212  debug_display_settings           [   0.04539] color: 16 (rgba 5650), depth: 24, stencil: 8, acc: 0000, samples: 3/1
display  D   display_settings.c:527  _al_score_display_settings       [   0.04542] Score is : 593
display  D   display_settings.c:212  debug_display_settings           [   0.04544] color: 16 (rgba 5650), depth: 24, stencil: 8, acc: 0000, samples: 4/1
display  D   display_settings.c:527  _al_score_display_settings       [   0.04547] Score is : 589
display  D   display_settings.c:212  debug_display_settings           [   0.04549] color: 16 (rgba 5650), depth: 24, stencil: 0, acc: 0000, samples: 0/0
display  D   display_settings.c:527  _al_score_display_settings       [   0.04552] Score is : 769
display  D   display_settings.c:212  debug_display_settings           [   0.04554] color: 16 (rgba 5650), depth: 24, stencil: 0, acc: 0000, samples: 0/0
display  D   display_settings.c:527  _al_score_display_settings       [   0.04556] Score is : 769
display  D   display_settings.c:212  debug_display_settings           [   0.04559] color: 16 (rgba 5650), depth: 24, stencil: 0, acc: 0000, samples: 2/1
display  D   display_settings.c:527  _al_score_display_settings       [   0.04561] Score is : 598
display  D   display_settings.c:212  debug_display_settings           [   0.04564] color: 16 (rgba 5650), depth: 24, stencil: 0, acc: 0000, samples: 3/1
display  D   display_settings.c:527  _al_score_display_settings       [   0.04566] Score is : 593
display  D   display_settings.c:212  debug_display_settings           [   0.04568] color: 16 (rgba 5650), depth: 24, stencil: 0, acc: 0000, samples: 4/1
display  D   display_settings.c:527  _al_score_display_settings       [   0.04571] Score is : 589
display  D   display_settings.c:212  debug_display_settings           [   0.04573] color: 16 (rgba 5650), depth: 16, stencil: 0, acc: 0000, samples: 0/0
display  D   display_settings.c:527  _al_score_display_settings       [   0.04576] Score is : 769
display  D   display_settings.c:212  debug_display_settings           [   0.04578] color: 16 (rgba 5650), depth: 16, stencil: 0, acc: 0000, samples: 0/0
display  D   display_settings.c:527  _al_score_display_settings       [   0.04581] Score is : 769
display  D   display_settings.c:212  debug_display_settings           [   0.04583] color: 16 (rgba 5650), depth: 16, stencil: 0, acc: 0000, samples: 2/1
display  D   display_settings.c:527  _al_score_display_settings       [   0.04586] Score is : 598
display  D   display_settings.c:212  debug_display_settings           [   0.04593] color: 16 (rgba 5650), depth: 16, stencil: 0, acc: 0000, samples: 3/1
display  D   display_settings.c:527  _al_score_display_settings       [   0.04596] Score is : 593
display  D   display_settings.c:212  debug_display_settings           [   0.04599] color: 16 (rgba 5650), depth: 16, stencil: 0, acc: 0000, samples: 4/1
display  D   display_settings.c:527  _al_score_display_settings       [   0.04601] Score is : 589
display  D   display_settings.c:212  debug_display_settings           [   0.04604] color: 32 (rgba 8880), depth: 0, stencil: 0, acc: 0000, samples: 0/0
display  D   display_settings.c:398  _al_score_display_settings       [   0.04606] Single Buffer requirement not met.
display  D   display_settings.c:212  debug_display_settings           [   0.04609] color: 32 (rgba 8880), depth: 0, stencil: 0, acc: 0000, samples: 0/0
display  D   display_settings.c:398  _al_score_display_settings       [   0.04611] Single Buffer requirement not met.
display  D   display_settings.c:212  debug_display_settings           [   0.04614] color: 32 (rgba 8880), depth: 0, stencil: 0, acc: 0000, samples: 2/1
display  D   display_settings.c:398  _al_score_display_settings       [   0.04616] Single Buffer requirement not met.
display  D   display_settings.c:212  debug_display_settings           [   0.04619] color: 32 (rgba 8880), depth: 0, stencil: 0, acc: 0000, samples: 3/1
display  D   display_settings.c:398  _al_score_display_settings       [   0.04621] Single Buffer requirement not met.
display  D   display_settings.c:212  debug_display_settings           [   0.04624] color: 32 (rgba 8880), depth: 0, stencil: 0, acc: 0000, samples: 4/1
display  D   display_settings.c:398  _al_score_display_settings       [   0.04627] Single Buffer requirement not met.
display  D   display_settings.c:212  debug_display_settings           [   0.04629] color: 32 (rgba 8880), depth: 24, stencil: 8, acc: 0000, samples: 0/0
display  D   display_settings.c:398  _al_score_display_settings       [   0.04632] Single Buffer requirement not met.
display  D   display_settings.c:212  debug_display_settings           [   0.04634] color: 32 (rgba 8880), depth: 24, stencil: 8, acc: 0000, samples: 0/0
display  D   display_settings.c:398  _al_score_display_settings       [   0.04637] Single Buffer requirement not met.
display  D   display_settings.c:212  debug_display_settings           [   0.04639] color: 32 (rgba 8880), depth: 24, stencil: 8, acc: 0000, samples: 2/1
display  D   display_settings.c:398  _al_score_display_settings       [   0.04642] Single Buffer requirement not met.
display  D   display_settings.c:212  debug_display_settings           [   0.04644] color: 32 (rgba 8880), depth: 24, stencil: 8, acc: 0000, samples: 3/1
display  D   display_settings.c:398  _al_score_display_settings       [   0.04647] Single Buffer requirement not met.
display  D   display_settings.c:212  debug_display_settings           [   0.04649] color: 32 (rgba 8880), depth: 24, stencil: 8, acc: 0000, samples: 4/1
display  D   display_settings.c:398  _al_score_display_settings       [   0.04652] Single Buffer requirement not met.
display  D   display_settings.c:212  debug_display_settings           [   0.04654] color: 32 (rgba 8880), depth: 24, stencil: 0, acc: 0000, samples: 0/0
display  D   display_settings.c:398  _al_score_display_settings       [   0.04657] Single Buffer requirement not met.
display  D   display_settings.c:212  debug_display_settings           [   0.04659] color: 32 (rgba 8880), depth: 24, stencil: 0, acc: 0000, samples: 0/0
display  D   display_settings.c:398  _al_score_display_settings       [   0.04662] Single Buffer requirement not met.
display  D   display_settings.c:212  debug_display_settings           [   0.04664] color: 32 (rgba 8880), depth: 24, stencil: 0, acc: 0000, samples: 2/1
display  D   display_settings.c:398  _al_score_display_settings       [   0.04667] Single Buffer requirement not met.
display  D   display_settings.c:212  debug_display_settings           [   0.04669] color: 32 (rgba 8880), depth: 24, stencil: 0, acc: 0000, samples: 3/1
display  D   display_settings.c:398  _al_score_display_settings       [   0.04672] Single Buffer requirement not met.
display  D   display_settings.c:212  debug_display_settings           [   0.04675] color: 32 (rgba 8880), depth: 24, stencil: 0, acc: 0000, samples: 4/1
display  D   display_settings.c:398  _al_score_display_settings       [   0.04677] Single Buffer requirement not met.
display  D   display_settings.c:212  debug_display_settings           [   0.04680] color: 32 (rgba 8880), depth: 16, stencil: 0, acc: 0000, samples: 0/0
display  D   display_settings.c:398  _al_score_display_settings       [   0.04682] Single Buffer requirement not met.
display  D   display_settings.c:212  debug_display_settings           [   0.04685] color: 32 (rgba 8880), depth: 16, stencil: 0, acc: 0000, samples: 0/0
display  D   display_settings.c:398  _al_score_display_settings       [   0.04687] Single Buffer requirement not met.
display  D   display_settings.c:212  debug_display_settings           [   0.04690] color: 32 (rgba 8880), depth: 16, stencil: 0, acc: 0000, samples: 2/1
display  D   display_settings.c:398  _al_score_display_settings       [   0.04692] Single Buffer requirement not met.
display  D   display_settings.c:212  debug_display_settings           [   0.04695] color: 32 (rgba 8880), depth: 16, stencil: 0, acc: 0000, samples: 3/1
display  D   display_settings.c:398  _al_score_display_settings       [   0.04697] Single Buffer requirement not met.
display  D   display_settings.c:212  debug_display_settings           [   0.04700] color: 32 (rgba 8880), depth: 16, stencil: 0, acc: 0000, samples: 4/1
display  D   display_settings.c:398  _al_score_display_settings       [   0.04702] Single Buffer requirement not met.
display  D   display_settings.c:212  debug_display_settings           [   0.04705] color: 16 (rgba 5650), depth: 0, stencil: 0, acc: 0000, samples: 0/0
display  D   display_settings.c:398  _al_score_display_settings       [   0.04707] Single Buffer requirement not met.
display  D   display_settings.c:212  debug_display_settings           [   0.04710] color: 16 (rgba 5650), depth: 0, stencil: 0, acc: 0000, samples: 0/0
display  D   display_settings.c:398  _al_score_display_settings       [   0.04712] Single Buffer requirement not met.
display  D   display_settings.c:212  debug_display_settings           [   0.04715] color: 16 (rgba 5650), depth: 0, stencil: 0, acc: 0000, samples: 2/1
display  D   display_settings.c:398  _al_score_display_settings       [   0.04717] Single Buffer requirement not met.
display  D   display_settings.c:212  debug_display_settings           [   0.04720] color: 16 (rgba 5650), depth: 0, stencil: 0, acc: 0000, samples: 3/1
display  D   display_settings.c:398  _al_score_display_settings       [   0.04722] Single Buffer requirement not met.
display  D   display_settings.c:212  debug_display_settings           [   0.04725] color: 16 (rgba 5650), depth: 0, stencil: 0, acc: 0000, samples: 4/1
display  D   display_settings.c:398  _al_score_display_settings       [   0.04727] Single Buffer requirement not met.
display  D   display_settings.c:212  debug_display_settings           [   0.04730] color: 16 (rgba 5650), depth: 24, stencil: 8, acc: 0000, samples: 0/0
display  D   display_settings.c:398  _al_score_display_settings       [   0.04732] Single Buffer requirement not met.
display  D   display_settings.c:212  debug_display_settings           [   0.04735] color: 16 (rgba 5650), depth: 24, stencil: 8, acc: 0000, samples: 0/0
display  D   display_settings.c:398  _al_score_display_settings       [   0.04738] Single Buffer requirement not met.
display  D   display_settings.c:212  debug_display_settings           [   0.04741] color: 16 (rgba 5650), depth: 24, stencil: 8, acc: 0000, samples: 2/1
display  D   display_settings.c:398  _al_score_display_settings       [   0.04743] Single Buffer requirement not met.
display  D   display_settings.c:212  debug_display_settings           [   0.04746] color: 16 (rgba 5650), depth: 24, stencil: 8, acc: 0000, samples: 3/1
display  D   display_settings.c:398  _al_score_display_settings       [   0.04749] Single Buffer requirement not met.
display  D   display_settings.c:212  debug_display_settings           [   0.04751] color: 16 (rgba 5650), depth: 24, stencil: 8, acc: 0000, samples: 4/1
display  D   display_settings.c:398  _al_score_display_settings       [   0.04754] Single Buffer requirement not met.
display  D   display_settings.c:212  debug_display_settings           [   0.04756] color: 16 (rgba 5650), depth: 24, stencil: 0, acc: 0000, samples: 0/0
display  D   display_settings.c:398  _al_score_display_settings       [   0.04759] Single Buffer requirement not met.
display  D   display_settings.c:212  debug_display_settings           [   0.04761] color: 16 (rgba 5650), depth: 24, stencil: 0, acc: 0000, samples: 0/0
display  D   display_settings.c:398  _al_score_display_settings       [   0.04764] Single Buffer requirement not met.
display  D   display_settings.c:212  debug_display_settings           [   0.04766] color: 16 (rgba 5650), depth: 24, stencil: 0, acc: 0000, samples: 2/1
display  D   display_settings.c:398  _al_score_display_settings       [   0.04769] Single Buffer requirement not met.
display  D   display_settings.c:212  debug_display_settings           [   0.04771] color: 16 (rgba 5650), depth: 24, stencil: 0, acc: 0000, samples: 3/1
display  D   display_settings.c:398  _al_score_display_settings       [   0.04774] Single Buffer requirement not met.
display  D   display_settings.c:212  debug_display_settings           [   0.04776] color: 16 (rgba 5650), depth: 24, stencil: 0, acc: 0000, samples: 4/1
display  D   display_settings.c:398  _al_score_display_settings       [   0.04779] Single Buffer requirement not met.
display  D   display_settings.c:212  debug_display_settings           [   0.04781] color: 16 (rgba 5650), depth: 16, stencil: 0, acc: 0000, samples: 0/0
display  D   display_settings.c:398  _al_score_display_settings       [   0.04784] Single Buffer requirement not met.
display  D   display_settings.c:212  debug_display_settings           [   0.04786] color: 16 (rgba 5650), depth: 16, stencil: 0, acc: 0000, samples: 0/0
display  D   display_settings.c:398  _al_score_display_settings       [   0.04789] Single Buffer requirement not met.
display  D   display_settings.c:212  debug_display_settings           [   0.04791] color: 16 (rgba 5650), depth: 16, stencil: 0, acc: 0000, samples: 2/1
display  D   display_settings.c:398  _al_score_display_settings       [   0.04794] Single Buffer requirement not met.
display  D   display_settings.c:212  debug_display_settings           [   0.04796] color: 16 (rgba 5650), depth: 16, stencil: 0, acc: 0000, samples: 3/1
display  D   display_settings.c:398  _al_score_display_settings       [   0.04799] Single Buffer requirement not met.
display  D   display_settings.c:212  debug_display_settings           [   0.04801] color: 16 (rgba 5650), depth: 16, stencil: 0, acc: 0000, samples: 4/1
display  D   display_settings.c:398  _al_score_display_settings       [   0.04804] Single Buffer requirement not met.
d3d      D         d3d_disp.cpp:1682 d3d_create_display_internals     [   0.04809] Trying format 0.
d3d      I         d3d_disp.cpp:1358 d3d_display_thread_proc          [   0.04831] Chose a display format: 23
d3d      D         d3d_disp.cpp:1402 d3d_display_thread_proc          [   0.04894] going to call _al_win_create_faux_fullscreen_window
d3d      D         d3d_disp.cpp:1420 d3d_display_thread_proc          [   0.08834] Called _al_win_create_faux_fullscreen_window.
d3d      I         d3d_disp.cpp:791  d3d_create_device                [   0.08842] Using no depth stencil buffer
d3d      D         d3d_disp.cpp:853  d3d_create_device                [   0.16412] BeginScene succeeded in create_device
d3d      D         d3d_disp.cpp:861  d3d_create_device                [   0.16418] Success
d3d      D         d3d_disp.cpp:1705 d3d_create_display_internals     [   0.16423] Resumed after wait.
d3d      I         d3d_disp.cpp:1738 d3d_create_display_internals     [   0.16432] Format 0 succeeded.
d3d      D         d3d_disp.cpp:1769 d3d_create_display_internals     [   0.16436] Returning d3d_display: 037CD110
d3d      D         d3d_disp.cpp:1794 d3d_create_display_locked        [   0.16439] al_display=037CD110
d3d      D         d3d_disp.cpp:1795 d3d_create_display_locked        [   0.16441] al_display->vt=037AF070
system   D            wsystem.c:819  maybe_parent_dir                 [   0.16457] Also searching C:\Users\Damian234\source\repos\Damian Kościelny CP3 Project\
system   D            wsystem.c:874  _al_win_safe_load_library        [   0.16470] PathFindOnPath found: C:\Windows\system32\d3dx9_43.dll
system   D            wsystem.c:780  load_library_at_path             [   0.16474] Calling LoadLibrary C:\Windows\system32\d3dx9_43.dll
system   I            wsystem.c:783  load_library_at_path             [   0.16504] Loaded C:\Windows\system32\d3dx9_43.dll
d3dx9    I        d3d_d3dx9.cpp:88   _imp_load_d3dx9_module_version   [   0.16509] Module "d3dx9_43.dll" loaded.
