  Main.cpp
C:\Users\Damian234\source\repos\Damian Kościelny CP3 Project\Main.cpp(116,21): warning C4018: '<': signed/unsigned mismatch
C:\Users\Damian234\source\repos\Damian Kościelny CP3 Project\Main.cpp(124,21): warning C4018: '<': signed/unsigned mismatch
  Menu.cpp
  Generating code
  Previous IPDB not found, fall back to full compilation.
C:\Users\Damian234\source\repos\Damian Kościelny CP3 Project\Main.cpp(383): warning C4715: 'Game_area::pause': not all control paths return a value
C:\Users\Damian234\source\repos\Damian Kościelny CP3 Project\Main.cpp(363): warning C4715: 'Game_area::game_over': not all control paths return a value
C:\Users\Damian234\source\repos\Damian Kościelny CP3 Project\Main.cpp(301): warning C4715: 'Menu::select_operation': not all control paths return a value
  All 370 functions were compiled because no usable IPDB/IOBJ from previous compilation was found.
  Finished generating code
allegro_monolith-static.lib(allegro.obj) : warning LNK4099: PDB 'allegro_monolith-static.pdb' was not found with 'allegro_monolith-static.lib(allegro.obj)' or at 'C:\Users\Damian234\source\repos\Damian Kościelny CP3 Project\Release\allegro_monolith-static.pdb'; linking object as if no debug info
allegro_monolith-static.lib(bitmap.obj) : warning LNK4099: PDB 'allegro_monolith-static.pdb' was not found with 'allegro_monolith-static.lib(bitmap.obj)' or at 'C:\Users\Damian234\source\repos\Damian Kościelny CP3 Project\Release\allegro_monolith-static.pdb'; linking object as if no debug info
allegro_monolith-static.lib(bitmap_draw.obj) : warning LNK4099: PDB 'allegro_monolith-static.pdb' was not found with 'allegro_monolith-static.lib(bitmap_draw.obj)' or at 'C:\Users\Damian234\source\repos\Damian Kościelny CP3 Project\Release\allegro_monolith-static.pdb'; linking object as if no debug info
allegro_monolith-static.lib(bitmap_io.obj) : warning LNK4099: PDB 'allegro_monolith-static.pdb' was not found with 'allegro_monolith-static.lib(bitmap_io.obj)' or at 'C:\Users\Damian234\source\repos\Damian Kościelny CP3 Project\Release\allegro_monolith-static.pdb'; linking object as if no debug info
allegro_monolith-static.lib(bitmap_lock.obj) : warning LNK4099: PDB 'allegro_monolith-static.pdb' was not found with 'allegro_monolith-static.lib(bitmap_lock.obj)' or at 'C:\Users\Damian234\source\repos\Damian Kościelny CP3 Project\Release\allegro_monolith-static.pdb'; linking object as if no debug info
allegro_monolith-static.lib(bitmap_pixel.obj) : warning LNK4099: PDB 'allegro_monolith-static.pdb' was not found with 'allegro_monolith-static.lib(bitmap_pixel.obj)' or at 'C:\Users\Damian234\source\repos\Damian Kościelny CP3 Project\Release\allegro_monolith-static.pdb'; linking object as if no debug info
allegro_monolith-static.lib(bitmap_type.obj) : warning LNK4099: PDB 'allegro_monolith-static.pdb' was not found with 'allegro_monolith-static.lib(bitmap_type.obj)' or at 'C:\Users\Damian234\source\repos\Damian Kościelny CP3 Project\Release\allegro_monolith-static.pdb'; linking object as if no debug info
allegro_monolith-static.lib(blenders.obj) : warning LNK4099: PDB 'allegro_monolith-static.pdb' was not found with 'allegro_monolith-static.lib(blenders.obj)' or at 'C:\Users\Damian234\source\repos\Damian Kościelny CP3 Project\Release\allegro_monolith-static.pdb'; linking object as if no debug info
allegro_monolith-static.lib(config.obj) : warning LNK4099: PDB 'allegro_monolith-static.pdb' was not found with 'allegro_monolith-static.lib(config.obj)' or at 'C:\Users\Damian234\source\repos\Damian Kościelny CP3 Project\Release\allegro_monolith-static.pdb'; linking object as if no debug info
allegro_monolith-static.lib(convert.obj) : warning LNK4099: PDB 'allegro_monolith-static.pdb' was not found with 'allegro_monolith-static.lib(convert.obj)' or at 'C:\Users\Damian234\source\repos\Damian Kościelny CP3 Project\Release\allegro_monolith-static.pdb'; linking object as if no debug info
allegro_monolith-static.lib(debug.obj) : warning LNK4099: PDB 'allegro_monolith-static.pdb' was not found with 'allegro_monolith-static.lib(debug.obj)' or at 'C:\Users\Damian234\source\repos\Damian Kościelny CP3 Project\Release\allegro_monolith-static.pdb'; linking object as if no debug info
allegro_monolith-static.lib(display.obj) : warning LNK4099: PDB 'allegro_monolith-static.pdb' was not found with 'allegro_monolith-static.lib(display.obj)' or at 'C:\Users\Damian234\source\repos\Damian Kościelny CP3 Project\Release\allegro_monolith-static.pdb'; linking object as if no debug info
allegro_monolith-static.lib(display_settings.obj) : warning LNK4099: PDB 'allegro_monolith-static.pdb' was not found with 'allegro_monolith-static.lib(display_settings.obj)' or at 'C:\Users\Damian234\source\repos\Damian Kościelny CP3 Project\Release\allegro_monolith-static.pdb'; linking object as if no debug info
allegro_monolith-static.lib(drawing.obj) : warning LNK4099: PDB 'allegro_monolith-static.pdb' was not found with 'allegro_monolith-static.lib(drawing.obj)' or at 'C:\Users\Damian234\source\repos\Damian Kościelny CP3 Project\Release\allegro_monolith-static.pdb'; linking object as if no debug info
allegro_monolith-static.lib(dtor.obj) : warning LNK4099: PDB 'allegro_monolith-static.pdb' was not found with 'allegro_monolith-static.lib(dtor.obj)' or at 'C:\Users\Damian234\source\repos\Damian Kościelny CP3 Project\Release\allegro_monolith-static.pdb'; linking object as if no debug info
allegro_monolith-static.lib(events.obj) : warning LNK4099: PDB 'allegro_monolith-static.pdb' was not found with 'allegro_monolith-static.lib(events.obj)' or at 'C:\Users\Damian234\source\repos\Damian Kościelny CP3 Project\Release\allegro_monolith-static.pdb'; linking object as if no debug info
allegro_monolith-static.lib(evtsrc.obj) : warning LNK4099: PDB 'allegro_monolith-static.pdb' was not found with 'allegro_monolith-static.lib(evtsrc.obj)' or at 'C:\Users\Damian234\source\repos\Damian Kościelny CP3 Project\Release\allegro_monolith-static.pdb'; linking object as if no debug info
allegro_monolith-static.lib(exitfunc.obj) : warning LNK4099: PDB 'allegro_monolith-static.pdb' was not found with 'allegro_monolith-static.lib(exitfunc.obj)' or at 'C:\Users\Damian234\source\repos\Damian Kościelny CP3 Project\Release\allegro_monolith-static.pdb'; linking object as if no debug info
allegro_monolith-static.lib(file.obj) : warning LNK4099: PDB 'allegro_monolith-static.pdb' was not found with 'allegro_monolith-static.lib(file.obj)' or at 'C:\Users\Damian234\source\repos\Damian Kościelny CP3 Project\Release\allegro_monolith-static.pdb'; linking object as if no debug info
allegro_monolith-static.lib(file_stdio.obj) : warning LNK4099: PDB 'allegro_monolith-static.pdb' was not found with 'allegro_monolith-static.lib(file_stdio.obj)' or at 'C:\Users\Damian234\source\repos\Damian Kościelny CP3 Project\Release\allegro_monolith-static.pdb'; linking object as if no debug info
allegro_monolith-static.lib(fshook_stdio.obj) : warning LNK4099: PDB 'allegro_monolith-static.pdb' was not found with 'allegro_monolith-static.lib(fshook_stdio.obj)' or at 'C:\Users\Damian234\source\repos\Damian Kościelny CP3 Project\Release\allegro_monolith-static.pdb'; linking object as if no debug info
allegro_monolith-static.lib(fullscreen_mode.obj) : warning LNK4099: PDB 'allegro_monolith-static.pdb' was not found with 'allegro_monolith-static.lib(fullscreen_mode.obj)' or at 'C:\Users\Damian234\source\repos\Damian Kościelny CP3 Project\Release\allegro_monolith-static.pdb'; linking object as if no debug info
allegro_monolith-static.lib(haptic.obj) : warning LNK4099: PDB 'allegro_monolith-static.pdb' was not found with 'allegro_monolith-static.lib(haptic.obj)' or at 'C:\Users\Damian234\source\repos\Damian Kościelny CP3 Project\Release\allegro_monolith-static.pdb'; linking object as if no debug info
allegro_monolith-static.lib(joynu.obj) : warning LNK4099: PDB 'allegro_monolith-static.pdb' was not found with 'allegro_monolith-static.lib(joynu.obj)' or at 'C:\Users\Damian234\source\repos\Damian Kościelny CP3 Project\Release\allegro_monolith-static.pdb'; linking object as if no debug info
allegro_monolith-static.lib(keybdnu.obj) : warning LNK4099: PDB 'allegro_monolith-static.pdb' was not found with 'allegro_monolith-static.lib(keybdnu.obj)' or at 'C:\Users\Damian234\source\repos\Damian Kościelny CP3 Project\Release\allegro_monolith-static.pdb'; linking object as if no debug info
allegro_monolith-static.lib(libc.obj) : warning LNK4099: PDB 'allegro_monolith-static.pdb' was not found with 'allegro_monolith-static.lib(libc.obj)' or at 'C:\Users\Damian234\source\repos\Damian Kościelny CP3 Project\Release\allegro_monolith-static.pdb'; linking object as if no debug info
allegro_monolith-static.lib(memblit.obj) : warning LNK4099: PDB 'allegro_monolith-static.pdb' was not found with 'allegro_monolith-static.lib(memblit.obj)' or at 'C:\Users\Damian234\source\repos\Damian Kościelny CP3 Project\Release\allegro_monolith-static.pdb'; linking object as if no debug info
allegro_monolith-static.lib(memdraw.obj) : warning LNK4099: PDB 'allegro_monolith-static.pdb' was not found with 'allegro_monolith-static.lib(memdraw.obj)' or at 'C:\Users\Damian234\source\repos\Damian Kościelny CP3 Project\Release\allegro_monolith-static.pdb'; linking object as if no debug info
allegro_monolith-static.lib(memory.obj) : warning LNK4099: PDB 'allegro_monolith-static.pdb' was not found with 'allegro_monolith-static.lib(memory.obj)' or at 'C:\Users\Damian234\source\repos\Damian Kościelny CP3 Project\Release\allegro_monolith-static.pdb'; linking object as if no debug info
allegro_monolith-static.lib(monitor.obj) : warning LNK4099: PDB 'allegro_monolith-static.pdb' was not found with 'allegro_monolith-static.lib(monitor.obj)' or at 'C:\Users\Damian234\source\repos\Damian Kościelny CP3 Project\Release\allegro_monolith-static.pdb'; linking object as if no debug info
allegro_monolith-static.lib(mousenu.obj) : warning LNK4099: PDB 'allegro_monolith-static.pdb' was not found with 'allegro_monolith-static.lib(mousenu.obj)' or at 'C:\Users\Damian234\source\repos\Damian Kościelny CP3 Project\Release\allegro_monolith-static.pdb'; linking object as if no debug info
allegro_monolith-static.lib(path.obj) : warning LNK4099: PDB 'allegro_monolith-static.pdb' was not found with 'allegro_monolith-static.lib(path.obj)' or at 'C:\Users\Damian234\source\repos\Damian Kościelny CP3 Project\Release\allegro_monolith-static.pdb'; linking object as if no debug info
allegro_monolith-static.lib(pixels.obj) : warning LNK4099: PDB 'allegro_monolith-static.pdb' was not found with 'allegro_monolith-static.lib(pixels.obj)' or at 'C:\Users\Damian234\source\repos\Damian Kościelny CP3 Project\Release\allegro_monolith-static.pdb'; linking object as if no debug info
allegro_monolith-static.lib(shader.obj) : warning LNK4099: PDB 'allegro_monolith-static.pdb' was not found with 'allegro_monolith-static.lib(shader.obj)' or at 'C:\Users\Damian234\source\repos\Damian Kościelny CP3 Project\Release\allegro_monolith-static.pdb'; linking object as if no debug info
allegro_monolith-static.lib(system.obj) : warning LNK4099: PDB 'allegro_monolith-static.pdb' was not found with 'allegro_monolith-static.lib(system.obj)' or at 'C:\Users\Damian234\source\repos\Damian Kościelny CP3 Project\Release\allegro_monolith-static.pdb'; linking object as if no debug info
allegro_monolith-static.lib(threads.obj) : warning LNK4099: PDB 'allegro_monolith-static.pdb' was not found with 'allegro_monolith-static.lib(threads.obj)' or at 'C:\Users\Damian234\source\repos\Damian Kościelny CP3 Project\Release\allegro_monolith-static.pdb'; linking object as if no debug info
allegro_monolith-static.lib(timernu.obj) : warning LNK4099: PDB 'allegro_monolith-static.pdb' was not found with 'allegro_monolith-static.lib(timernu.obj)' or at 'C:\Users\Damian234\source\repos\Damian Kościelny CP3 Project\Release\allegro_monolith-static.pdb'; linking object as if no debug info
allegro_monolith-static.lib(tls.obj) : warning LNK4099: PDB 'allegro_monolith-static.pdb' was not found with 'allegro_monolith-static.lib(tls.obj)' or at 'C:\Users\Damian234\source\repos\Damian Kościelny CP3 Project\Release\allegro_monolith-static.pdb'; linking object as if no debug info
allegro_monolith-static.lib(touch_input.obj) : warning LNK4099: PDB 'allegro_monolith-static.pdb' was not found with 'allegro_monolith-static.lib(touch_input.obj)' or at 'C:\Users\Damian234\source\repos\Damian Kościelny CP3 Project\Release\allegro_monolith-static.pdb'; linking object as if no debug info
allegro_monolith-static.lib(transformations.obj) : warning LNK4099: PDB 'allegro_monolith-static.pdb' was not found with 'allegro_monolith-static.lib(transformations.obj)' or at 'C:\Users\Damian234\source\repos\Damian Kościelny CP3 Project\Release\allegro_monolith-static.pdb'; linking object as if no debug info
allegro_monolith-static.lib(tri_soft.obj) : warning LNK4099: PDB 'allegro_monolith-static.pdb' was not found with 'allegro_monolith-static.lib(tri_soft.obj)' or at 'C:\Users\Damian234\source\repos\Damian Kościelny CP3 Project\Release\allegro_monolith-static.pdb'; linking object as if no debug info
allegro_monolith-static.lib(utf8.obj) : warning LNK4099: PDB 'allegro_monolith-static.pdb' was not found with 'allegro_monolith-static.lib(utf8.obj)' or at 'C:\Users\Damian234\source\repos\Damian Kościelny CP3 Project\Release\allegro_monolith-static.pdb'; linking object as if no debug info
allegro_monolith-static.lib(aatree.obj) : warning LNK4099: PDB 'allegro_monolith-static.pdb' was not found with 'allegro_monolith-static.lib(aatree.obj)' or at 'C:\Users\Damian234\source\repos\Damian Kościelny CP3 Project\Release\allegro_monolith-static.pdb'; linking object as if no debug info
allegro_monolith-static.lib(bstrlib.obj) : warning LNK4099: PDB 'allegro_monolith-static.pdb' was not found with 'allegro_monolith-static.lib(bstrlib.obj)' or at 'C:\Users\Damian234\source\repos\Damian Kościelny CP3 Project\Release\allegro_monolith-static.pdb'; linking object as if no debug info
allegro_monolith-static.lib(list.obj) : warning LNK4099: PDB 'allegro_monolith-static.pdb' was not found with 'allegro_monolith-static.lib(list.obj)' or at 'C:\Users\Damian234\source\repos\Damian Kościelny CP3 Project\Release\allegro_monolith-static.pdb'; linking object as if no debug info
allegro_monolith-static.lib(vector.obj) : warning LNK4099: PDB 'allegro_monolith-static.pdb' was not found with 'allegro_monolith-static.lib(vector.obj)' or at 'C:\Users\Damian234\source\repos\Damian Kościelny CP3 Project\Release\allegro_monolith-static.pdb'; linking object as if no debug info
allegro_monolith-static.lib(wclipboard.obj) : warning LNK4099: PDB 'allegro_monolith-static.pdb' was not found with 'allegro_monolith-static.lib(wclipboard.obj)' or at 'C:\Users\Damian234\source\repos\Damian Kościelny CP3 Project\Release\allegro_monolith-static.pdb'; linking object as if no debug info
allegro_monolith-static.lib(whapall.obj) : warning LNK4099: PDB 'allegro_monolith-static.pdb' was not found with 'allegro_monolith-static.lib(whapall.obj)' or at 'C:\Users\Damian234\source\repos\Damian Kościelny CP3 Project\Release\allegro_monolith-static.pdb'; linking object as if no debug info
allegro_monolith-static.lib(whaptic.obj) : warning LNK4099: PDB 'allegro_monolith-static.pdb' was not found with 'allegro_monolith-static.lib(whaptic.obj)' or at 'C:\Users\Damian234\source\repos\Damian Kościelny CP3 Project\Release\allegro_monolith-static.pdb'; linking object as if no debug info
allegro_monolith-static.lib(whapxi.obj) : warning LNK4099: PDB 'allegro_monolith-static.pdb' was not found with 'allegro_monolith-static.lib(whapxi.obj)' or at 'C:\Users\Damian234\source\repos\Damian Kościelny CP3 Project\Release\allegro_monolith-static.pdb'; linking object as if no debug info
allegro_monolith-static.lib(wjoyall.obj) : warning LNK4099: PDB 'allegro_monolith-static.pdb' was not found with 'allegro_monolith-static.lib(wjoyall.obj)' or at 'C:\Users\Damian234\source\repos\Damian Kościelny CP3 Project\Release\allegro_monolith-static.pdb'; linking object as if no debug info
allegro_monolith-static.lib(wjoydxnu.obj) : warning LNK4099: PDB 'allegro_monolith-static.pdb' was not found with 'allegro_monolith-static.lib(wjoydxnu.obj)' or at 'C:\Users\Damian234\source\repos\Damian Kościelny CP3 Project\Release\allegro_monolith-static.pdb'; linking object as if no debug info
allegro_monolith-static.lib(wjoyxi.obj) : warning LNK4099: PDB 'allegro_monolith-static.pdb' was not found with 'allegro_monolith-static.lib(wjoyxi.obj)' or at 'C:\Users\Damian234\source\repos\Damian Kościelny CP3 Project\Release\allegro_monolith-static.pdb'; linking object as if no debug info
allegro_monolith-static.lib(wkeyboard.obj) : warning LNK4099: PDB 'allegro_monolith-static.pdb' was not found with 'allegro_monolith-static.lib(wkeyboard.obj)' or at 'C:\Users\Damian234\source\repos\Damian Kościelny CP3 Project\Release\allegro_monolith-static.pdb'; linking object as if no debug info
allegro_monolith-static.lib(wmcursor.obj) : warning LNK4099: PDB 'allegro_monolith-static.pdb' was not found with 'allegro_monolith-static.lib(wmcursor.obj)' or at 'C:\Users\Damian234\source\repos\Damian Kościelny CP3 Project\Release\allegro_monolith-static.pdb'; linking object as if no debug info
allegro_monolith-static.lib(wmouse.obj) : warning LNK4099: PDB 'allegro_monolith-static.pdb' was not found with 'allegro_monolith-static.lib(wmouse.obj)' or at 'C:\Users\Damian234\source\repos\Damian Kościelny CP3 Project\Release\allegro_monolith-static.pdb'; linking object as if no debug info
allegro_monolith-static.lib(wsystem.obj) : warning LNK4099: PDB 'allegro_monolith-static.pdb' was not found with 'allegro_monolith-static.lib(wsystem.obj)' or at 'C:\Users\Damian234\source\repos\Damian Kościelny CP3 Project\Release\allegro_monolith-static.pdb'; linking object as if no debug info
allegro_monolith-static.lib(wthread.obj) : warning LNK4099: PDB 'allegro_monolith-static.pdb' was not found with 'allegro_monolith-static.lib(wthread.obj)' or at 'C:\Users\Damian234\source\repos\Damian Kościelny CP3 Project\Release\allegro_monolith-static.pdb'; linking object as if no debug info
allegro_monolith-static.lib(wtime.obj) : warning LNK4099: PDB 'allegro_monolith-static.pdb' was not found with 'allegro_monolith-static.lib(wtime.obj)' or at 'C:\Users\Damian234\source\repos\Damian Kościelny CP3 Project\Release\allegro_monolith-static.pdb'; linking object as if no debug info
allegro_monolith-static.lib(wtouch_input.obj) : warning LNK4099: PDB 'allegro_monolith-static.pdb' was not found with 'allegro_monolith-static.lib(wtouch_input.obj)' or at 'C:\Users\Damian234\source\repos\Damian Kościelny CP3 Project\Release\allegro_monolith-static.pdb'; linking object as if no debug info
allegro_monolith-static.lib(wunicode.obj) : warning LNK4099: PDB 'allegro_monolith-static.pdb' was not found with 'allegro_monolith-static.lib(wunicode.obj)' or at 'C:\Users\Damian234\source\repos\Damian Kościelny CP3 Project\Release\allegro_monolith-static.pdb'; linking object as if no debug info
allegro_monolith-static.lib(wwindow.obj) : warning LNK4099: PDB 'allegro_monolith-static.pdb' was not found with 'allegro_monolith-static.lib(wwindow.obj)' or at 'C:\Users\Damian234\source\repos\Damian Kościelny CP3 Project\Release\allegro_monolith-static.pdb'; linking object as if no debug info
allegro_monolith-static.lib(wxthread.obj) : warning LNK4099: PDB 'allegro_monolith-static.pdb' was not found with 'allegro_monolith-static.lib(wxthread.obj)' or at 'C:\Users\Damian234\source\repos\Damian Kościelny CP3 Project\Release\allegro_monolith-static.pdb'; linking object as if no debug info
allegro_monolith-static.lib(d3d_bmp.obj) : warning LNK4099: PDB 'allegro_monolith-static.pdb' was not found with 'allegro_monolith-static.lib(d3d_bmp.obj)' or at 'C:\Users\Damian234\source\repos\Damian Kościelny CP3 Project\Release\allegro_monolith-static.pdb'; linking object as if no debug info
allegro_monolith-static.lib(d3d_disp.obj) : warning LNK4099: PDB 'allegro_monolith-static.pdb' was not found with 'allegro_monolith-static.lib(d3d_disp.obj)' or at 'C:\Users\Damian234\source\repos\Damian Kościelny CP3 Project\Release\allegro_monolith-static.pdb'; linking object as if no debug info
allegro_monolith-static.lib(d3d_display_formats.obj) : warning LNK4099: PDB 'allegro_monolith-static.pdb' was not found with 'allegro_monolith-static.lib(d3d_display_formats.obj)' or at 'C:\Users\Damian234\source\repos\Damian Kościelny CP3 Project\Release\allegro_monolith-static.pdb'; linking object as if no debug info
allegro_monolith-static.lib(d3d_render_state.obj) : warning LNK4099: PDB 'allegro_monolith-static.pdb' was not found with 'allegro_monolith-static.lib(d3d_render_state.obj)' or at 'C:\Users\Damian234\source\repos\Damian Kościelny CP3 Project\Release\allegro_monolith-static.pdb'; linking object as if no debug info
allegro_monolith-static.lib(d3d_shader.obj) : warning LNK4099: PDB 'allegro_monolith-static.pdb' was not found with 'allegro_monolith-static.lib(d3d_shader.obj)' or at 'C:\Users\Damian234\source\repos\Damian Kościelny CP3 Project\Release\allegro_monolith-static.pdb'; linking object as if no debug info
allegro_monolith-static.lib(d3d_d3dx9.obj) : warning LNK4099: PDB 'allegro_monolith-static.pdb' was not found with 'allegro_monolith-static.lib(d3d_d3dx9.obj)' or at 'C:\Users\Damian234\source\repos\Damian Kościelny CP3 Project\Release\allegro_monolith-static.pdb'; linking object as if no debug info
allegro_monolith-static.lib(extensions.obj) : warning LNK4099: PDB 'allegro_monolith-static.pdb' was not found with 'allegro_monolith-static.lib(extensions.obj)' or at 'C:\Users\Damian234\source\repos\Damian Kościelny CP3 Project\Release\allegro_monolith-static.pdb'; linking object as if no debug info
allegro_monolith-static.lib(ogl_bitmap.obj) : warning LNK4099: PDB 'allegro_monolith-static.pdb' was not found with 'allegro_monolith-static.lib(ogl_bitmap.obj)' or at 'C:\Users\Damian234\source\repos\Damian Kościelny CP3 Project\Release\allegro_monolith-static.pdb'; linking object as if no debug info
allegro_monolith-static.lib(ogl_display.obj) : warning LNK4099: PDB 'allegro_monolith-static.pdb' was not found with 'allegro_monolith-static.lib(ogl_display.obj)' or at 'C:\Users\Damian234\source\repos\Damian Kościelny CP3 Project\Release\allegro_monolith-static.pdb'; linking object as if no debug info
allegro_monolith-static.lib(ogl_draw.obj) : warning LNK4099: PDB 'allegro_monolith-static.pdb' was not found with 'allegro_monolith-static.lib(ogl_draw.obj)' or at 'C:\Users\Damian234\source\repos\Damian Kościelny CP3 Project\Release\allegro_monolith-static.pdb'; linking object as if no debug info
allegro_monolith-static.lib(ogl_fbo.obj) : warning LNK4099: PDB 'allegro_monolith-static.pdb' was not found with 'allegro_monolith-static.lib(ogl_fbo.obj)' or at 'C:\Users\Damian234\source\repos\Damian Kościelny CP3 Project\Release\allegro_monolith-static.pdb'; linking object as if no debug info
allegro_monolith-static.lib(ogl_lock.obj) : warning LNK4099: PDB 'allegro_monolith-static.pdb' was not found with 'allegro_monolith-static.lib(ogl_lock.obj)' or at 'C:\Users\Damian234\source\repos\Damian Kościelny CP3 Project\Release\allegro_monolith-static.pdb'; linking object as if no debug info
allegro_monolith-static.lib(ogl_render_state.obj) : warning LNK4099: PDB 'allegro_monolith-static.pdb' was not found with 'allegro_monolith-static.lib(ogl_render_state.obj)' or at 'C:\Users\Damian234\source\repos\Damian Kościelny CP3 Project\Release\allegro_monolith-static.pdb'; linking object as if no debug info
allegro_monolith-static.lib(ogl_shader.obj) : warning LNK4099: PDB 'allegro_monolith-static.pdb' was not found with 'allegro_monolith-static.lib(ogl_shader.obj)' or at 'C:\Users\Damian234\source\repos\Damian Kościelny CP3 Project\Release\allegro_monolith-static.pdb'; linking object as if no debug info
allegro_monolith-static.lib(wgl_disp.obj) : warning LNK4099: PDB 'allegro_monolith-static.pdb' was not found with 'allegro_monolith-static.lib(wgl_disp.obj)' or at 'C:\Users\Damian234\source\repos\Damian Kościelny CP3 Project\Release\allegro_monolith-static.pdb'; linking object as if no debug info
allegro_monolith-static.lib(high_primitives.obj) : warning LNK4099: PDB 'allegro_monolith-static.pdb' was not found with 'allegro_monolith-static.lib(high_primitives.obj)' or at 'C:\Users\Damian234\source\repos\Damian Kościelny CP3 Project\Release\allegro_monolith-static.pdb'; linking object as if no debug info
allegro_monolith-static.lib(line_soft.obj) : warning LNK4099: PDB 'allegro_monolith-static.pdb' was not found with 'allegro_monolith-static.lib(line_soft.obj)' or at 'C:\Users\Damian234\source\repos\Damian Kościelny CP3 Project\Release\allegro_monolith-static.pdb'; linking object as if no debug info
allegro_monolith-static.lib(point_soft.obj) : warning LNK4099: PDB 'allegro_monolith-static.pdb' was not found with 'allegro_monolith-static.lib(point_soft.obj)' or at 'C:\Users\Damian234\source\repos\Damian Kościelny CP3 Project\Release\allegro_monolith-static.pdb'; linking object as if no debug info
allegro_monolith-static.lib(prim_directx.obj) : warning LNK4099: PDB 'allegro_monolith-static.pdb' was not found with 'allegro_monolith-static.lib(prim_directx.obj)' or at 'C:\Users\Damian234\source\repos\Damian Kościelny CP3 Project\Release\allegro_monolith-static.pdb'; linking object as if no debug info
allegro_monolith-static.lib(prim_opengl.obj) : warning LNK4099: PDB 'allegro_monolith-static.pdb' was not found with 'allegro_monolith-static.lib(prim_opengl.obj)' or at 'C:\Users\Damian234\source\repos\Damian Kościelny CP3 Project\Release\allegro_monolith-static.pdb'; linking object as if no debug info
allegro_monolith-static.lib(prim_soft.obj) : warning LNK4099: PDB 'allegro_monolith-static.pdb' was not found with 'allegro_monolith-static.lib(prim_soft.obj)' or at 'C:\Users\Damian234\source\repos\Damian Kościelny CP3 Project\Release\allegro_monolith-static.pdb'; linking object as if no debug info
allegro_monolith-static.lib(primitives.obj) : warning LNK4099: PDB 'allegro_monolith-static.pdb' was not found with 'allegro_monolith-static.lib(primitives.obj)' or at 'C:\Users\Damian234\source\repos\Damian Kościelny CP3 Project\Release\allegro_monolith-static.pdb'; linking object as if no debug info
allegro_monolith-static.lib(directx_shaders.obj) : warning LNK4099: PDB 'allegro_monolith-static.pdb' was not found with 'allegro_monolith-static.lib(directx_shaders.obj)' or at 'C:\Users\Damian234\source\repos\Damian Kościelny CP3 Project\Release\allegro_monolith-static.pdb'; linking object as if no debug info
allegro_monolith-static.lib(font.obj) : warning LNK4099: PDB 'allegro_monolith-static.pdb' was not found with 'allegro_monolith-static.lib(font.obj)' or at 'C:\Users\Damian234\source\repos\Damian Kościelny CP3 Project\Release\allegro_monolith-static.pdb'; linking object as if no debug info
allegro_monolith-static.lib(fontbmp.obj) : warning LNK4099: PDB 'allegro_monolith-static.pdb' was not found with 'allegro_monolith-static.lib(fontbmp.obj)' or at 'C:\Users\Damian234\source\repos\Damian Kościelny CP3 Project\Release\allegro_monolith-static.pdb'; linking object as if no debug info
allegro_monolith-static.lib(text.obj) : warning LNK4099: PDB 'allegro_monolith-static.pdb' was not found with 'allegro_monolith-static.lib(text.obj)' or at 'C:\Users\Damian234\source\repos\Damian Kościelny CP3 Project\Release\allegro_monolith-static.pdb'; linking object as if no debug info
allegro_monolith-static.lib(bmfont.obj) : warning LNK4099: PDB 'allegro_monolith-static.pdb' was not found with 'allegro_monolith-static.lib(bmfont.obj)' or at 'C:\Users\Damian234\source\repos\Damian Kościelny CP3 Project\Release\allegro_monolith-static.pdb'; linking object as if no debug info
allegro_monolith-static.lib(xml.obj) : warning LNK4099: PDB 'allegro_monolith-static.pdb' was not found with 'allegro_monolith-static.lib(xml.obj)' or at 'C:\Users\Damian234\source\repos\Damian Kościelny CP3 Project\Release\allegro_monolith-static.pdb'; linking object as if no debug info
allegro_monolith-static.lib(ttf.obj) : warning LNK4099: PDB 'allegro_monolith-static.pdb' was not found with 'allegro_monolith-static.lib(ttf.obj)' or at 'C:\Users\Damian234\source\repos\Damian Kościelny CP3 Project\Release\allegro_monolith-static.pdb'; linking object as if no debug info
libpng16.lib(png.obj) : warning LNK4099: PDB 'libpng16.pdb' was not found with 'libpng16.lib(png.obj)' or at 'C:\Users\Damian234\source\repos\Damian Kościelny CP3 Project\Release\libpng16.pdb'; linking object as if no debug info
libpng16.lib(pngerror.obj) : warning LNK4099: PDB 'libpng16.pdb' was not found with 'libpng16.lib(pngerror.obj)' or at 'C:\Users\Damian234\source\repos\Damian Kościelny CP3 Project\Release\libpng16.pdb'; linking object as if no debug info
libpng16.lib(pngget.obj) : warning LNK4099: PDB 'libpng16.pdb' was not found with 'libpng16.lib(pngget.obj)' or at 'C:\Users\Damian234\source\repos\Damian Kościelny CP3 Project\Release\libpng16.pdb'; linking object as if no debug info
libpng16.lib(pngmem.obj) : warning LNK4099: PDB 'libpng16.pdb' was not found with 'libpng16.lib(pngmem.obj)' or at 'C:\Users\Damian234\source\repos\Damian Kościelny CP3 Project\Release\libpng16.pdb'; linking object as if no debug info
libpng16.lib(pngread.obj) : warning LNK4099: PDB 'libpng16.pdb' was not found with 'libpng16.lib(pngread.obj)' or at 'C:\Users\Damian234\source\repos\Damian Kościelny CP3 Project\Release\libpng16.pdb'; linking object as if no debug info
libpng16.lib(pngrio.obj) : warning LNK4099: PDB 'libpng16.pdb' was not found with 'libpng16.lib(pngrio.obj)' or at 'C:\Users\Damian234\source\repos\Damian Kościelny CP3 Project\Release\libpng16.pdb'; linking object as if no debug info
libpng16.lib(pngrtran.obj) : warning LNK4099: PDB 'libpng16.pdb' was not found with 'libpng16.lib(pngrtran.obj)' or at 'C:\Users\Damian234\source\repos\Damian Kościelny CP3 Project\Release\libpng16.pdb'; linking object as if no debug info
libpng16.lib(pngrutil.obj) : warning LNK4099: PDB 'libpng16.pdb' was not found with 'libpng16.lib(pngrutil.obj)' or at 'C:\Users\Damian234\source\repos\Damian Kościelny CP3 Project\Release\libpng16.pdb'; linking object as if no debug info
libpng16.lib(pngset.obj) : warning LNK4099: PDB 'libpng16.pdb' was not found with 'libpng16.lib(pngset.obj)' or at 'C:\Users\Damian234\source\repos\Damian Kościelny CP3 Project\Release\libpng16.pdb'; linking object as if no debug info
libpng16.lib(pngtrans.obj) : warning LNK4099: PDB 'libpng16.pdb' was not found with 'libpng16.lib(pngtrans.obj)' or at 'C:\Users\Damian234\source\repos\Damian Kościelny CP3 Project\Release\libpng16.pdb'; linking object as if no debug info
libpng16.lib(pngwio.obj) : warning LNK4099: PDB 'libpng16.pdb' was not found with 'libpng16.lib(pngwio.obj)' or at 'C:\Users\Damian234\source\repos\Damian Kościelny CP3 Project\Release\libpng16.pdb'; linking object as if no debug info
libpng16.lib(pngwrite.obj) : warning LNK4099: PDB 'libpng16.pdb' was not found with 'libpng16.lib(pngwrite.obj)' or at 'C:\Users\Damian234\source\repos\Damian Kościelny CP3 Project\Release\libpng16.pdb'; linking object as if no debug info
libpng16.lib(pngwtran.obj) : warning LNK4099: PDB 'libpng16.pdb' was not found with 'libpng16.lib(pngwtran.obj)' or at 'C:\Users\Damian234\source\repos\Damian Kościelny CP3 Project\Release\libpng16.pdb'; linking object as if no debug info
libpng16.lib(pngwutil.obj) : warning LNK4099: PDB 'libpng16.pdb' was not found with 'libpng16.lib(pngwutil.obj)' or at 'C:\Users\Damian234\source\repos\Damian Kościelny CP3 Project\Release\libpng16.pdb'; linking object as if no debug info
zlib.lib(adler32.obj) : warning LNK4099: PDB 'zlib.pdb' was not found with 'zlib.lib(adler32.obj)' or at 'C:\Users\Damian234\source\repos\Damian Kościelny CP3 Project\Release\zlib.pdb'; linking object as if no debug info
zlib.lib(crc32.obj) : warning LNK4099: PDB 'zlib.pdb' was not found with 'zlib.lib(crc32.obj)' or at 'C:\Users\Damian234\source\repos\Damian Kościelny CP3 Project\Release\zlib.pdb'; linking object as if no debug info
zlib.lib(deflate.obj) : warning LNK4099: PDB 'zlib.pdb' was not found with 'zlib.lib(deflate.obj)' or at 'C:\Users\Damian234\source\repos\Damian Kościelny CP3 Project\Release\zlib.pdb'; linking object as if no debug info
zlib.lib(inflate.obj) : warning LNK4099: PDB 'zlib.pdb' was not found with 'zlib.lib(inflate.obj)' or at 'C:\Users\Damian234\source\repos\Damian Kościelny CP3 Project\Release\zlib.pdb'; linking object as if no debug info
zlib.lib(inftrees.obj) : warning LNK4099: PDB 'zlib.pdb' was not found with 'zlib.lib(inftrees.obj)' or at 'C:\Users\Damian234\source\repos\Damian Kościelny CP3 Project\Release\zlib.pdb'; linking object as if no debug info
zlib.lib(inffast.obj) : warning LNK4099: PDB 'zlib.pdb' was not found with 'zlib.lib(inffast.obj)' or at 'C:\Users\Damian234\source\repos\Damian Kościelny CP3 Project\Release\zlib.pdb'; linking object as if no debug info
zlib.lib(trees.obj) : warning LNK4099: PDB 'zlib.pdb' was not found with 'zlib.lib(trees.obj)' or at 'C:\Users\Damian234\source\repos\Damian Kościelny CP3 Project\Release\zlib.pdb'; linking object as if no debug info
zlib.lib(zutil.obj) : warning LNK4099: PDB 'zlib.pdb' was not found with 'zlib.lib(zutil.obj)' or at 'C:\Users\Damian234\source\repos\Damian Kościelny CP3 Project\Release\zlib.pdb'; linking object as if no debug info
freetype.lib(autofit.obj) : warning LNK4099: PDB 'freetype.pdb' was not found with 'freetype.lib(autofit.obj)' or at 'C:\Users\Damian234\source\repos\Damian Kościelny CP3 Project\Release\freetype.pdb'; linking object as if no debug info
freetype.lib(ftbase.obj) : warning LNK4099: PDB 'freetype.pdb' was not found with 'freetype.lib(ftbase.obj)' or at 'C:\Users\Damian234\source\repos\Damian Kościelny CP3 Project\Release\freetype.pdb'; linking object as if no debug info
freetype.lib(ftbitmap.obj) : warning LNK4099: PDB 'freetype.pdb' was not found with 'freetype.lib(ftbitmap.obj)' or at 'C:\Users\Damian234\source\repos\Damian Kościelny CP3 Project\Release\freetype.pdb'; linking object as if no debug info
freetype.lib(ftinit.obj) : warning LNK4099: PDB 'freetype.pdb' was not found with 'freetype.lib(ftinit.obj)' or at 'C:\Users\Damian234\source\repos\Damian Kościelny CP3 Project\Release\freetype.pdb'; linking object as if no debug info
freetype.lib(ftsystem.obj) : warning LNK4099: PDB 'freetype.pdb' was not found with 'freetype.lib(ftsystem.obj)' or at 'C:\Users\Damian234\source\repos\Damian Kościelny CP3 Project\Release\freetype.pdb'; linking object as if no debug info
freetype.lib(bdf.obj) : warning LNK4099: PDB 'freetype.pdb' was not found with 'freetype.lib(bdf.obj)' or at 'C:\Users\Damian234\source\repos\Damian Kościelny CP3 Project\Release\freetype.pdb'; linking object as if no debug info
freetype.lib(cff.obj) : warning LNK4099: PDB 'freetype.pdb' was not found with 'freetype.lib(cff.obj)' or at 'C:\Users\Damian234\source\repos\Damian Kościelny CP3 Project\Release\freetype.pdb'; linking object as if no debug info
freetype.lib(type1cid.obj) : warning LNK4099: PDB 'freetype.pdb' was not found with 'freetype.lib(type1cid.obj)' or at 'C:\Users\Damian234\source\repos\Damian Kościelny CP3 Project\Release\freetype.pdb'; linking object as if no debug info
freetype.lib(ftgzip.obj) : warning LNK4099: PDB 'freetype.pdb' was not found with 'freetype.lib(ftgzip.obj)' or at 'C:\Users\Damian234\source\repos\Damian Kościelny CP3 Project\Release\freetype.pdb'; linking object as if no debug info
freetype.lib(ftlzw.obj) : warning LNK4099: PDB 'freetype.pdb' was not found with 'freetype.lib(ftlzw.obj)' or at 'C:\Users\Damian234\source\repos\Damian Kościelny CP3 Project\Release\freetype.pdb'; linking object as if no debug info
freetype.lib(pcf.obj) : warning LNK4099: PDB 'freetype.pdb' was not found with 'freetype.lib(pcf.obj)' or at 'C:\Users\Damian234\source\repos\Damian Kościelny CP3 Project\Release\freetype.pdb'; linking object as if no debug info
freetype.lib(pfr.obj) : warning LNK4099: PDB 'freetype.pdb' was not found with 'freetype.lib(pfr.obj)' or at 'C:\Users\Damian234\source\repos\Damian Kościelny CP3 Project\Release\freetype.pdb'; linking object as if no debug info
freetype.lib(psaux.obj) : warning LNK4099: PDB 'freetype.pdb' was not found with 'freetype.lib(psaux.obj)' or at 'C:\Users\Damian234\source\repos\Damian Kościelny CP3 Project\Release\freetype.pdb'; linking object as if no debug info
freetype.lib(pshinter.obj) : warning LNK4099: PDB 'freetype.pdb' was not found with 'freetype.lib(pshinter.obj)' or at 'C:\Users\Damian234\source\repos\Damian Kościelny CP3 Project\Release\freetype.pdb'; linking object as if no debug info
freetype.lib(psnames.obj) : warning LNK4099: PDB 'freetype.pdb' was not found with 'freetype.lib(psnames.obj)' or at 'C:\Users\Damian234\source\repos\Damian Kościelny CP3 Project\Release\freetype.pdb'; linking object as if no debug info
freetype.lib(raster.obj) : warning LNK4099: PDB 'freetype.pdb' was not found with 'freetype.lib(raster.obj)' or at 'C:\Users\Damian234\source\repos\Damian Kościelny CP3 Project\Release\freetype.pdb'; linking object as if no debug info
freetype.lib(sfnt.obj) : warning LNK4099: PDB 'freetype.pdb' was not found with 'freetype.lib(sfnt.obj)' or at 'C:\Users\Damian234\source\repos\Damian Kościelny CP3 Project\Release\freetype.pdb'; linking object as if no debug info
freetype.lib(smooth.obj) : warning LNK4099: PDB 'freetype.pdb' was not found with 'freetype.lib(smooth.obj)' or at 'C:\Users\Damian234\source\repos\Damian Kościelny CP3 Project\Release\freetype.pdb'; linking object as if no debug info
freetype.lib(truetype.obj) : warning LNK4099: PDB 'freetype.pdb' was not found with 'freetype.lib(truetype.obj)' or at 'C:\Users\Damian234\source\repos\Damian Kościelny CP3 Project\Release\freetype.pdb'; linking object as if no debug info
freetype.lib(type1.obj) : warning LNK4099: PDB 'freetype.pdb' was not found with 'freetype.lib(type1.obj)' or at 'C:\Users\Damian234\source\repos\Damian Kościelny CP3 Project\Release\freetype.pdb'; linking object as if no debug info
freetype.lib(type42.obj) : warning LNK4099: PDB 'freetype.pdb' was not found with 'freetype.lib(type42.obj)' or at 'C:\Users\Damian234\source\repos\Damian Kościelny CP3 Project\Release\freetype.pdb'; linking object as if no debug info
freetype.lib(winfnt.obj) : warning LNK4099: PDB 'freetype.pdb' was not found with 'freetype.lib(winfnt.obj)' or at 'C:\Users\Damian234\source\repos\Damian Kościelny CP3 Project\Release\freetype.pdb'; linking object as if no debug info
  Damian Kościelny CP3 Project.vcxproj -> C:\Users\Damian234\source\repos\Damian Kościelny CP3 Project\Release\Damian Kościelny CP3 Project.exe
